[2025-09-08 04:10:18] produccion.ERROR: SQLSTATE[HY000] [1045] Access denied for user 'u863655389_Labarca'@'127.0.0.1' (using password: NO) (Connection: mysql, SQL: select count(*) as aggregate from `users` where `email` = sakatsunaweb@gmail.com) {"exception":"[object] (Illuminate\\Database\\QueryException(code: 1045): SQLSTATE[HY000] [1045] Access denied for user 'u863655389_Labarca'@'127.0.0.1' (using password: NO) (Connection: mysql, SQL: select count(*) as aggregate from `users` where `email` = sakatsunaweb@gmail.com) at /home/u863655389/domains/labarcaministerio.com/public_html/api/vendor/laravel/framework/src/Illuminate/Database/Connection.php:829)
[stacktrace]
#0 /home/u863655389/domains/labarcaministerio.com/public_html/api/vendor/laravel/framework/src/Illuminate/Database/Connection.php(783): Illuminate\\Database\\Connection->runQueryCallback()
#1 /home/u863655389/domains/labarcaministerio.com/public_html/api/vendor/laravel/framework/src/Illuminate/Database/Connection.php(414): Illuminate\\Database\\Connection->run()
#2 /home/u863655389/domains/labarcaministerio.com/public_html/api/vendor/laravel/framework/src/Illuminate/Database/Query/Builder.php(2913): Illuminate\\Database\\Connection->select()
#3 /home/u863655389/domains/labarcaministerio.com/public_html/api/vendor/laravel/framework/src/Illuminate/Database/Query/Builder.php(2902): Illuminate\\Database\\Query\\Builder->runSelect()
#4 /home/u863655389/domains/labarcaministerio.com/public_html/api/vendor/laravel/framework/src/Illuminate/Database/Query/Builder.php(3456): Illuminate\\Database\\Query\\Builder->Illuminate\\Database\\Query\\{closure}()
#5 /home/u863655389/domains/labarcaministerio.com/public_html/api/vendor/laravel/framework/src/Illuminate/Database/Query/Builder.php(2901): Illuminate\\Database\\Query\\Builder->onceWithColumns()
#6 /home/u863655389/domains/labarcaministerio.com/public_html/api/vendor/laravel/framework/src/Illuminate/Database/Query/Builder.php(3383): Illuminate\\Database\\Query\\Builder->get()
#7 /home/u863655389/domains/labarcaministerio.com/public_html/api/vendor/laravel/framework/src/Illuminate/Database/Query/Builder.php(3311): Illuminate\\Database\\Query\\Builder->aggregate()
#8 /home/u863655389/domains/labarcaministerio.com/public_html/api/vendor/laravel/framework/src/Illuminate/Validation/DatabasePresenceVerifier.php(54): Illuminate\\Database\\Query\\Builder->count()
#9 /home/u863655389/domains/labarcaministerio.com/public_html/api/vendor/laravel/framework/src/Illuminate/Validation/Concerns/ValidatesAttributes.php(948): Illuminate\\Validation\\DatabasePresenceVerifier->getCount()
#10 /home/u863655389/domains/labarcaministerio.com/public_html/api/vendor/laravel/framework/src/Illuminate/Validation/Validator.php(660): Illuminate\\Validation\\Validator->validateUnique()
#11 /home/u863655389/domains/labarcaministerio.com/public_html/api/vendor/laravel/framework/src/Illuminate/Validation/Validator.php(459): Illuminate\\Validation\\Validator->validateAttribute()
#12 /home/u863655389/domains/labarcaministerio.com/public_html/api/vendor/laravel/framework/src/Illuminate/Validation/Validator.php(494): Illuminate\\Validation\\Validator->passes()
#13 /home/u863655389/domains/labarcaministerio.com/public_html/api/vendor/laravel/framework/src/Illuminate/Validation/Validator.php(536): Illuminate\\Validation\\Validator->fails()
#14 /home/u863655389/domains/labarcaministerio.com/public_html/api/vendor/laravel/framework/src/Illuminate/Foundation/Providers/FoundationServiceProvider.php(124): Illuminate\\Validation\\Validator->validate()
#15 /home/u863655389/domains/labarcaministerio.com/public_html/api/vendor/laravel/framework/src/Illuminate/Macroable/Traits/Macroable.php(123): Illuminate\\Http\\Request->Illuminate\\Foundation\\Providers\\{closure}()
#16 /home/u863655389/domains/labarcaministerio.com/public_html/api/app/Http/Controllers/Api/AuthController.php(59): Illuminate\\Http\\Request->__call()
#17 /home/u863655389/domains/labarcaministerio.com/public_html/api/vendor/laravel/framework/src/Illuminate/Routing/Controller.php(54): App\\Http\\Controllers\\Api\\AuthController->register()
#18 /home/u863655389/domains/labarcaministerio.com/public_html/api/vendor/laravel/framework/src/Illuminate/Routing/ControllerDispatcher.php(43): Illuminate\\Routing\\Controller->callAction()
#19 /home/u863655389/domains/labarcaministerio.com/public_html/api/vendor/laravel/framework/src/Illuminate/Routing/Route.php(259): Illuminate\\Routing\\ControllerDispatcher->dispatch()
#20 /home/u863655389/domains/labarcaministerio.com/public_html/api/vendor/laravel/framework/src/Illuminate/Routing/Route.php(205): Illuminate\\Routing\\Route->runController()
#21 /home/u863655389/domains/labarcaministerio.com/public_html/api/vendor/laravel/framework/src/Illuminate/Routing/Router.php(806): Illuminate\\Routing\\Route->run()
#22 /home/u863655389/domains/labarcaministerio.com/public_html/api/vendor/laravel/framework/src/Illuminate/Pipeline/Pipeline.php(144): Illuminate\\Routing\\Router->Illuminate\\Routing\\{closure}()
#23 /home/u863655389/domains/labarcaministerio.com/public_html/api/vendor/laravel/framework/src/Illuminate/Routing/Middleware/SubstituteBindings.php(50): Illuminate\\Pipeline\\Pipeline->Illuminate\\Pipeline\\{closure}()
#24 /home/u863655389/domains/labarcaministerio.com/public_html/api/vendor/laravel/framework/src/Illuminate/Pipeline/Pipeline.php(183): Illuminate\\Routing\\Middleware\\SubstituteBindings->handle()
#25 /home/u863655389/domains/labarcaministerio.com/public_html/api/vendor/laravel/framework/src/Illuminate/Routing/Middleware/ThrottleRequests.php(159): Illuminate\\Pipeline\\Pipeline->Illuminate\\Pipeline\\{closure}()
#26 /home/u863655389/domains/labarcaministerio.com/public_html/api/vendor/laravel/framework/src/Illuminate/Routing/Middleware/ThrottleRequests.php(125): Illuminate\\Routing\\Middleware\\ThrottleRequests->handleRequest()
#27 /home/u863655389/domains/labarcaministerio.com/public_html/api/vendor/laravel/framework/src/Illuminate/Routing/Middleware/ThrottleRequests.php(87): Illuminate\\Routing\\Middleware\\ThrottleRequests->handleRequestUsingNamedLimiter()
#28 /home/u863655389/domains/labarcaministerio.com/public_html/api/vendor/laravel/framework/src/Illuminate/Pipeline/Pipeline.php(183): Illuminate\\Routing\\Middleware\\ThrottleRequests->handle()
#29 /home/u863655389/domains/labarcaministerio.com/public_html/api/vendor/laravel/framework/src/Illuminate/Pipeline/Pipeline.php(119): Illuminate\\Pipeline\\Pipeline->Illuminate\\Pipeline\\{closure}()
#30 /home/u863655389/domains/labarcaministerio.com/public_html/api/vendor/laravel/framework/src/Illuminate/Routing/Router.php(805): Illuminate\\Pipeline\\Pipeline->then()
#31 /home/u863655389/domains/labarcaministerio.com/public_html/api/vendor/laravel/framework/src/Illuminate/Routing/Router.php(784): Illuminate\\Routing\\Router->runRouteWithinStack()
#32 /home/u863655389/domains/labarcaministerio.com/public_html/api/vendor/laravel/framework/src/Illuminate/Routing/Router.php(748): Illuminate\\Routing\\Router->runRoute()
#33 /home/u863655389/domains/labarcaministerio.com/public_html/api/vendor/laravel/framework/src/Illuminate/Routing/Router.php(737): Illuminate\\Routing\\Router->dispatchToRoute()
#34 /home/u863655389/domains/labarcaministerio.com/public_html/api/vendor/laravel/framework/src/Illuminate/Foundation/Http/Kernel.php(200): Illuminate\\Routing\\Router->dispatch()
#35 /home/u863655389/domains/labarcaministerio.com/public_html/api/vendor/laravel/framework/src/Illuminate/Pipeline/Pipeline.php(144): Illuminate\\Foundation\\Http\\Kernel->Illuminate\\Foundation\\Http\\{closure}()
#36 /home/u863655389/domains/labarcaministerio.com/public_html/api/vendor/laravel/framework/src/Illuminate/Foundation/Http/Middleware/TransformsRequest.php(21): Illuminate\\Pipeline\\Pipeline->Illuminate\\Pipeline\\{closure}()
#37 /home/u863655389/domains/labarcaministerio.com/public_html/api/vendor/laravel/framework/src/Illuminate/Foundation/Http/Middleware/ConvertEmptyStringsToNull.php(31): Illuminate\\Foundation\\Http\\Middleware\\TransformsRequest->handle()
#38 /home/u863655389/domains/labarcaministerio.com/public_html/api/vendor/laravel/framework/src/Illuminate/Pipeline/Pipeline.php(183): Illuminate\\Foundation\\Http\\Middleware\\ConvertEmptyStringsToNull->handle()
#39 /home/u863655389/domains/labarcaministerio.com/public_html/api/vendor/laravel/framework/src/Illuminate/Foundation/Http/Middleware/TransformsRequest.php(21): Illuminate\\Pipeline\\Pipeline->Illuminate\\Pipeline\\{closure}()
#40 /home/u863655389/domains/labarcaministerio.com/public_html/api/vendor/laravel/framework/src/Illuminate/Foundation/Http/Middleware/TrimStrings.php(40): Illuminate\\Foundation\\Http\\Middleware\\TransformsRequest->handle()
#41 /home/u863655389/domains/labarcaministerio.com/public_html/api/vendor/laravel/framework/src/Illuminate/Pipeline/Pipeline.php(183): Illuminate\\Foundation\\Http\\Middleware\\TrimStrings->handle()
#42 /home/u863655389/domains/labarcaministerio.com/public_html/api/vendor/laravel/framework/src/Illuminate/Foundation/Http/Middleware/ValidatePostSize.php(27): Illuminate\\Pipeline\\Pipeline->Illuminate\\Pipeline\\{closure}()
#43 /home/u863655389/domains/labarcaministerio.com/public_html/api/vendor/laravel/framework/src/Illuminate/Pipeline/Pipeline.php(183): Illuminate\\Foundation\\Http\\Middleware\\ValidatePostSize->handle()
#44 /home/u863655389/domains/labarcaministerio.com/public_html/api/vendor/laravel/framework/src/Illuminate/Foundation/Http/Middleware/PreventRequestsDuringMaintenance.php(99): Illuminate\\Pipeline\\Pipeline->Illuminate\\Pipeline\\{closure}()
#45 /home/u863655389/domains/labarcaministerio.com/public_html/api/vendor/laravel/framework/src/Illuminate/Pipeline/Pipeline.php(183): Illuminate\\Foundation\\Http\\Middleware\\PreventRequestsDuringMaintenance->handle()
#46 /home/u863655389/domains/labarcaministerio.com/public_html/api/vendor/laravel/framework/src/Illuminate/Http/Middleware/HandleCors.php(62): Illuminate\\Pipeline\\Pipeline->Illuminate\\Pipeline\\{closure}()
#47 /home/u863655389/domains/labarcaministerio.com/public_html/api/vendor/laravel/framework/src/Illuminate/Pipeline/Pipeline.php(183): Illuminate\\Http\\Middleware\\HandleCors->handle()
#48 /home/u863655389/domains/labarcaministerio.com/public_html/api/vendor/laravel/framework/src/Illuminate/Http/Middleware/TrustProxies.php(39): Illuminate\\Pipeline\\Pipeline->Illuminate\\Pipeline\\{closure}()
#49 /home/u863655389/domains/labarcaministerio.com/public_html/api/vendor/laravel/framework/src/Illuminate/Pipeline/Pipeline.php(183): Illuminate\\Http\\Middleware\\TrustProxies->handle()
#50 /home/u863655389/domains/labarcaministerio.com/public_html/api/vendor/laravel/framework/src/Illuminate/Pipeline/Pipeline.php(119): Illuminate\\Pipeline\\Pipeline->Illuminate\\Pipeline\\{closure}()
#51 /home/u863655389/domains/labarcaministerio.com/public_html/api/vendor/laravel/framework/src/Illuminate/Foundation/Http/Kernel.php(175): Illuminate\\Pipeline\\Pipeline->then()
#52 /home/u863655389/domains/labarcaministerio.com/public_html/api/vendor/laravel/framework/src/Illuminate/Foundation/Http/Kernel.php(144): Illuminate\\Foundation\\Http\\Kernel->sendRequestThroughRouter()
#53 /home/u863655389/domains/labarcaministerio.com/public_html/api/public/index.php(51): Illuminate\\Foundation\\Http\\Kernel->handle()
#54 {main}

[previous exception] [object] (PDOException(code: 1045): SQLSTATE[HY000] [1045] Access denied for user 'u863655389_Labarca'@'127.0.0.1' (using password: NO) at /home/u863655389/domains/labarcaministerio.com/public_html/api/vendor/laravel/framework/src/Illuminate/Database/Connectors/Connector.php:65)
[stacktrace]
#0 /home/u863655389/domains/labarcaministerio.com/public_html/api/vendor/laravel/framework/src/Illuminate/Database/Connectors/Connector.php(65): PDO->__construct()
#1 /home/u863655389/domains/labarcaministerio.com/public_html/api/vendor/laravel/framework/src/Illuminate/Database/Connectors/Connector.php(44): Illuminate\\Database\\Connectors\\Connector->createPdoConnection()
#2 /home/u863655389/domains/labarcaministerio.com/public_html/api/vendor/laravel/framework/src/Illuminate/Database/Connectors/MySqlConnector.php(24): Illuminate\\Database\\Connectors\\Connector->createConnection()
#3 /home/u863655389/domains/labarcaministerio.com/public_html/api/vendor/laravel/framework/src/Illuminate/Database/Connectors/ConnectionFactory.php(184): Illuminate\\Database\\Connectors\\MySqlConnector->connect()
#4 [internal function]: Illuminate\\Database\\Connectors\\ConnectionFactory->Illuminate\\Database\\Connectors\\{closure}()
#5 /home/u863655389/domains/labarcaministerio.com/public_html/api/vendor/laravel/framework/src/Illuminate/Database/Connection.php(1339): call_user_func()
#6 /home/u863655389/domains/labarcaministerio.com/public_html/api/vendor/laravel/framework/src/Illuminate/Database/Connection.php(528): Illuminate\\Database\\Connection->getPdo()
#7 /home/u863655389/domains/labarcaministerio.com/public_html/api/vendor/laravel/framework/src/Illuminate/Database/Connection.php(423): Illuminate\\Database\\Connection->getPdoForSelect()
#8 /home/u863655389/domains/labarcaministerio.com/public_html/api/vendor/laravel/framework/src/Illuminate/Database/Connection.php(816): Illuminate\\Database\\Connection->Illuminate\\Database\\{closure}()
#9 /home/u863655389/domains/labarcaministerio.com/public_html/api/vendor/laravel/framework/src/Illuminate/Database/Connection.php(783): Illuminate\\Database\\Connection->runQueryCallback()
#10 /home/u863655389/domains/labarcaministerio.com/public_html/api/vendor/laravel/framework/src/Illuminate/Database/Connection.php(414): Illuminate\\Database\\Connection->run()
#11 /home/u863655389/domains/labarcaministerio.com/public_html/api/vendor/laravel/framework/src/Illuminate/Database/Query/Builder.php(2913): Illuminate\\Database\\Connection->select()
#12 /home/u863655389/domains/labarcaministerio.com/public_html/api/vendor/laravel/framework/src/Illuminate/Database/Query/Builder.php(2902): Illuminate\\Database\\Query\\Builder->runSelect()
#13 /home/u863655389/domains/labarcaministerio.com/public_html/api/vendor/laravel/framework/src/Illuminate/Database/Query/Builder.php(3456): Illuminate\\Database\\Query\\Builder->Illuminate\\Database\\Query\\{closure}()
#14 /home/u863655389/domains/labarcaministerio.com/public_html/api/vendor/laravel/framework/src/Illuminate/Database/Query/Builder.php(2901): Illuminate\\Database\\Query\\Builder->onceWithColumns()
#15 /home/u863655389/domains/labarcaministerio.com/public_html/api/vendor/laravel/framework/src/Illuminate/Database/Query/Builder.php(3383): Illuminate\\Database\\Query\\Builder->get()
#16 /home/u863655389/domains/labarcaministerio.com/public_html/api/vendor/laravel/framework/src/Illuminate/Database/Query/Builder.php(3311): Illuminate\\Database\\Query\\Builder->aggregate()
#17 /home/u863655389/domains/labarcaministerio.com/public_html/api/vendor/laravel/framework/src/Illuminate/Validation/DatabasePresenceVerifier.php(54): Illuminate\\Database\\Query\\Builder->count()
#18 /home/u863655389/domains/labarcaministerio.com/public_html/api/vendor/laravel/framework/src/Illuminate/Validation/Concerns/ValidatesAttributes.php(948): Illuminate\\Validation\\DatabasePresenceVerifier->getCount()
#19 /home/u863655389/domains/labarcaministerio.com/public_html/api/vendor/laravel/framework/src/Illuminate/Validation/Validator.php(660): Illuminate\\Validation\\Validator->validateUnique()
#20 /home/u863655389/domains/labarcaministerio.com/public_html/api/vendor/laravel/framework/src/Illuminate/Validation/Validator.php(459): Illuminate\\Validation\\Validator->validateAttribute()
#21 /home/u863655389/domains/labarcaministerio.com/public_html/api/vendor/laravel/framework/src/Illuminate/Validation/Validator.php(494): Illuminate\\Validation\\Validator->passes()
#22 /home/u863655389/domains/labarcaministerio.com/public_html/api/vendor/laravel/framework/src/Illuminate/Validation/Validator.php(536): Illuminate\\Validation\\Validator->fails()
#23 /home/u863655389/domains/labarcaministerio.com/public_html/api/vendor/laravel/framework/src/Illuminate/Foundation/Providers/FoundationServiceProvider.php(124): Illuminate\\Validation\\Validator->validate()
#24 /home/u863655389/domains/labarcaministerio.com/public_html/api/vendor/laravel/framework/src/Illuminate/Macroable/Traits/Macroable.php(123): Illuminate\\Http\\Request->Illuminate\\Foundation\\Providers\\{closure}()
#25 /home/u863655389/domains/labarcaministerio.com/public_html/api/app/Http/Controllers/Api/AuthController.php(59): Illuminate\\Http\\Request->__call()
#26 /home/u863655389/domains/labarcaministerio.com/public_html/api/vendor/laravel/framework/src/Illuminate/Routing/Controller.php(54): App\\Http\\Controllers\\Api\\AuthController->register()
#27 /home/u863655389/domains/labarcaministerio.com/public_html/api/vendor/laravel/framework/src/Illuminate/Routing/ControllerDispatcher.php(43): Illuminate\\Routing\\Controller->callAction()
#28 /home/u863655389/domains/labarcaministerio.com/public_html/api/vendor/laravel/framework/src/Illuminate/Routing/Route.php(259): Illuminate\\Routing\\ControllerDispatcher->dispatch()
#29 /home/u863655389/domains/labarcaministerio.com/public_html/api/vendor/laravel/framework/src/Illuminate/Routing/Route.php(205): Illuminate\\Routing\\Route->runController()
#30 /home/u863655389/domains/labarcaministerio.com/public_html/api/vendor/laravel/framework/src/Illuminate/Routing/Router.php(806): Illuminate\\Routing\\Route->run()
#31 /home/u863655389/domains/labarcaministerio.com/public_html/api/vendor/laravel/framework/src/Illuminate/Pipeline/Pipeline.php(144): Illuminate\\Routing\\Router->Illuminate\\Routing\\{closure}()
#32 /home/u863655389/domains/labarcaministerio.com/public_html/api/vendor/laravel/framework/src/Illuminate/Routing/Middleware/SubstituteBindings.php(50): Illuminate\\Pipeline\\Pipeline->Illuminate\\Pipeline\\{closure}()
#33 /home/u863655389/domains/labarcaministerio.com/public_html/api/vendor/laravel/framework/src/Illuminate/Pipeline/Pipeline.php(183): Illuminate\\Routing\\Middleware\\SubstituteBindings->handle()
#34 /home/u863655389/domains/labarcaministerio.com/public_html/api/vendor/laravel/framework/src/Illuminate/Routing/Middleware/ThrottleRequests.php(159): Illuminate\\Pipeline\\Pipeline->Illuminate\\Pipeline\\{closure}()
#35 /home/u863655389/domains/labarcaministerio.com/public_html/api/vendor/laravel/framework/src/Illuminate/Routing/Middleware/ThrottleRequests.php(125): Illuminate\\Routing\\Middleware\\ThrottleRequests->handleRequest()
#36 /home/u863655389/domains/labarcaministerio.com/public_html/api/vendor/laravel/framework/src/Illuminate/Routing/Middleware/ThrottleRequests.php(87): Illuminate\\Routing\\Middleware\\ThrottleRequests->handleRequestUsingNamedLimiter()
#37 /home/u863655389/domains/labarcaministerio.com/public_html/api/vendor/laravel/framework/src/Illuminate/Pipeline/Pipeline.php(183): Illuminate\\Routing\\Middleware\\ThrottleRequests->handle()
#38 /home/u863655389/domains/labarcaministerio.com/public_html/api/vendor/laravel/framework/src/Illuminate/Pipeline/Pipeline.php(119): Illuminate\\Pipeline\\Pipeline->Illuminate\\Pipeline\\{closure}()
#39 /home/u863655389/domains/labarcaministerio.com/public_html/api/vendor/laravel/framework/src/Illuminate/Routing/Router.php(805): Illuminate\\Pipeline\\Pipeline->then()
#40 /home/u863655389/domains/labarcaministerio.com/public_html/api/vendor/laravel/framework/src/Illuminate/Routing/Router.php(784): Illuminate\\Routing\\Router->runRouteWithinStack()
#41 /home/u863655389/domains/labarcaministerio.com/public_html/api/vendor/laravel/framework/src/Illuminate/Routing/Router.php(748): Illuminate\\Routing\\Router->runRoute()
#42 /home/u863655389/domains/labarcaministerio.com/public_html/api/vendor/laravel/framework/src/Illuminate/Routing/Router.php(737): Illuminate\\Routing\\Router->dispatchToRoute()
#43 /home/u863655389/domains/labarcaministerio.com/public_html/api/vendor/laravel/framework/src/Illuminate/Foundation/Http/Kernel.php(200): Illuminate\\Routing\\Router->dispatch()
#44 /home/u863655389/domains/labarcaministerio.com/public_html/api/vendor/laravel/framework/src/Illuminate/Pipeline/Pipeline.php(144): Illuminate\\Foundation\\Http\\Kernel->Illuminate\\Foundation\\Http\\{closure}()
#45 /home/u863655389/domains/labarcaministerio.com/public_html/api/vendor/laravel/framework/src/Illuminate/Foundation/Http/Middleware/TransformsRequest.php(21): Illuminate\\Pipeline\\Pipeline->Illuminate\\Pipeline\\{closure}()
#46 /home/u863655389/domains/labarcaministerio.com/public_html/api/vendor/laravel/framework/src/Illuminate/Foundation/Http/Middleware/ConvertEmptyStringsToNull.php(31): Illuminate\\Foundation\\Http\\Middleware\\TransformsRequest->handle()
#47 /home/u863655389/domains/labarcaministerio.com/public_html/api/vendor/laravel/framework/src/Illuminate/Pipeline/Pipeline.php(183): Illuminate\\Foundation\\Http\\Middleware\\ConvertEmptyStringsToNull->handle()
#48 /home/u863655389/domains/labarcaministerio.com/public_html/api/vendor/laravel/framework/src/Illuminate/Foundation/Http/Middleware/TransformsRequest.php(21): Illuminate\\Pipeline\\Pipeline->Illuminate\\Pipeline\\{closure}()
#49 /home/u863655389/domains/labarcaministerio.com/public_html/api/vendor/laravel/framework/src/Illuminate/Foundation/Http/Middleware/TrimStrings.php(40): Illuminate\\Foundation\\Http\\Middleware\\TransformsRequest->handle()
#50 /home/u863655389/domains/labarcaministerio.com/public_html/api/vendor/laravel/framework/src/Illuminate/Pipeline/Pipeline.php(183): Illuminate\\Foundation\\Http\\Middleware\\TrimStrings->handle()
#51 /home/u863655389/domains/labarcaministerio.com/public_html/api/vendor/laravel/framework/src/Illuminate/Foundation/Http/Middleware/ValidatePostSize.php(27): Illuminate\\Pipeline\\Pipeline->Illuminate\\Pipeline\\{closure}()
#52 /home/u863655389/domains/labarcaministerio.com/public_html/api/vendor/laravel/framework/src/Illuminate/Pipeline/Pipeline.php(183): Illuminate\\Foundation\\Http\\Middleware\\ValidatePostSize->handle()
#53 /home/u863655389/domains/labarcaministerio.com/public_html/api/vendor/laravel/framework/src/Illuminate/Foundation/Http/Middleware/PreventRequestsDuringMaintenance.php(99): Illuminate\\Pipeline\\Pipeline->Illuminate\\Pipeline\\{closure}()
#54 /home/u863655389/domains/labarcaministerio.com/public_html/api/vendor/laravel/framework/src/Illuminate/Pipeline/Pipeline.php(183): Illuminate\\Foundation\\Http\\Middleware\\PreventRequestsDuringMaintenance->handle()
#55 /home/u863655389/domains/labarcaministerio.com/public_html/api/vendor/laravel/framework/src/Illuminate/Http/Middleware/HandleCors.php(62): Illuminate\\Pipeline\\Pipeline->Illuminate\\Pipeline\\{closure}()
#56 /home/u863655389/domains/labarcaministerio.com/public_html/api/vendor/laravel/framework/src/Illuminate/Pipeline/Pipeline.php(183): Illuminate\\Http\\Middleware\\HandleCors->handle()
#57 /home/u863655389/domains/labarcaministerio.com/public_html/api/vendor/laravel/framework/src/Illuminate/Http/Middleware/TrustProxies.php(39): Illuminate\\Pipeline\\Pipeline->Illuminate\\Pipeline\\{closure}()
#58 /home/u863655389/domains/labarcaministerio.com/public_html/api/vendor/laravel/framework/src/Illuminate/Pipeline/Pipeline.php(183): Illuminate\\Http\\Middleware\\TrustProxies->handle()
#59 /home/u863655389/domains/labarcaministerio.com/public_html/api/vendor/laravel/framework/src/Illuminate/Pipeline/Pipeline.php(119): Illuminate\\Pipeline\\Pipeline->Illuminate\\Pipeline\\{closure}()
#60 /home/u863655389/domains/labarcaministerio.com/public_html/api/vendor/laravel/framework/src/Illuminate/Foundation/Http/Kernel.php(175): Illuminate\\Pipeline\\Pipeline->then()
#61 /home/u863655389/domains/labarcaministerio.com/public_html/api/vendor/laravel/framework/src/Illuminate/Foundation/Http/Kernel.php(144): Illuminate\\Foundation\\Http\\Kernel->sendRequestThroughRouter()
#62 /home/u863655389/domains/labarcaministerio.com/public_html/api/public/index.php(51): Illuminate\\Foundation\\Http\\Kernel->handle()
#63 {main}
"} 
